TN:
SF:src/lib/errors.ts
FN:8,AppError
FN:24,BadRequest
FN:26,NotFound
FN:27,Unauthorized
FN:28,Forbidden
FN:29,Conflict
FN:30,Internal
FNF:7
FNH:2
FNDA:2,AppError
FNDA:0,BadRequest
FNDA:0,NotFound
FNDA:2,Unauthorized
FNDA:0,Forbidden
FNDA:0,Conflict
FNDA:0,Internal
DA:3,1
DA:8,1
DA:9,2
DA:10,2
DA:11,2
DA:12,2
DA:13,2
DA:14,2
DA:15,2
DA:16,2
DA:17,2
DA:18,2
DA:19,2
DA:20,1
DA:23,1
DA:24,1
DA:25,0
DA:26,1
DA:27,1
DA:28,1
DA:29,1
DA:30,1
DA:31,1
LF:23
LH:22
BRDA:8,0,0,2
BRDA:27,1,0,2
BRF:2
BRH:2
end_of_record
TN:
SF:src/services/login.service.ts
FN:16,execute
FNF:1
FNH:1
FNDA:3,execute
DA:1,1
DA:2,1
DA:3,1
DA:4,1
DA:15,1
DA:16,1
DA:17,3
DA:19,3
DA:22,3
DA:23,1
DA:24,1
DA:25,1
DA:27,2
DA:29,3
DA:30,1
DA:31,1
DA:32,1
DA:34,1
DA:36,1
DA:37,1
DA:38,1
DA:39,1
DA:40,1
DA:41,1
DA:42,1
DA:43,1
DA:44,1
DA:45,1
DA:46,3
DA:47,1
LF:30
LH:30
BRDA:16,0,0,3
BRDA:22,1,0,1
BRDA:25,2,0,2
BRDA:29,3,0,1
BRF:4
BRH:4
end_of_record
TN:
SF:src/services/register.service.ts
FN:20,execute
FNF:1
FNH:0
FNDA:0,execute
DA:1,1
DA:2,1
DA:3,1
DA:4,1
DA:19,1
DA:20,1
DA:22,0
DA:23,0
DA:24,0
DA:25,0
DA:27,0
DA:28,0
DA:29,0
DA:30,0
DA:32,0
DA:35,0
DA:36,0
DA:37,0
DA:38,0
DA:40,0
DA:41,0
DA:42,0
DA:43,0
DA:44,0
DA:45,0
DA:46,0
DA:47,0
DA:48,0
DA:49,0
DA:52,0
DA:53,0
DA:54,0
DA:55,0
DA:56,0
DA:57,0
DA:58,0
DA:59,0
DA:61,0
DA:62,0
DA:64,0
DA:65,0
DA:66,0
DA:67,1
LF:43
LH:7
BRF:0
BRH:0
end_of_record
